{"/Users/noah/Documents/Personal Projects/assesments/api-creation/src/modules/controllers/todo.controller.ts": {"path":"/Users/noah/Documents/Personal Projects/assesments/api-creation/src/modules/controllers/todo.controller.ts","statementMap":{"0":{"start":{"line":2,"column":0},"end":{"line":2,"column":51}},"1":{"start":{"line":3,"column":0},"end":{"line":3,"column":null}},"2":{"start":{"line":13,"column":4},"end":{"line":13,"column":35}},"3":{"start":{"line":15,"column":4},"end":{"line":15,"column":51}},"4":{"start":{"line":16,"column":4},"end":{"line":16,"column":51}},"5":{"start":{"line":17,"column":4},"end":{"line":17,"column":49}},"6":{"start":{"line":18,"column":4},"end":{"line":18,"column":49}},"7":{"start":{"line":19,"column":4},"end":{"line":19,"column":49}},"8":{"start":{"line":23,"column":4},"end":{"line":41,"column":5}},"9":{"start":{"line":24,"column":20},"end":{"line":24,"column":56}},"10":{"start":{"line":25,"column":6},"end":{"line":28,"column":9}},"11":{"start":{"line":30,"column":6},"end":{"line":40,"column":7}},"12":{"start":{"line":31,"column":8},"end":{"line":34,"column":11}},"13":{"start":{"line":36,"column":8},"end":{"line":39,"column":11}},"14":{"start":{"line":45,"column":4},"end":{"line":78,"column":5}},"15":{"start":{"line":46,"column":21},"end":{"line":46,"column":34}},"16":{"start":{"line":47,"column":6},"end":{"line":49,"column":7}},"17":{"start":{"line":48,"column":8},"end":{"line":48,"column":57}},"18":{"start":{"line":51,"column":19},"end":{"line":51,"column":61}},"19":{"start":{"line":52,"column":6},"end":{"line":55,"column":9}},"20":{"start":{"line":57,"column":6},"end":{"line":77,"column":7}},"21":{"start":{"line":58,"column":8},"end":{"line":61,"column":11}},"22":{"start":{"line":62,"column":13},"end":{"line":77,"column":7}},"23":{"start":{"line":63,"column":8},"end":{"line":66,"column":11}},"24":{"start":{"line":67,"column":13},"end":{"line":77,"column":7}},"25":{"start":{"line":68,"column":8},"end":{"line":71,"column":11}},"26":{"start":{"line":73,"column":8},"end":{"line":76,"column":11}},"27":{"start":{"line":82,"column":35},"end":{"line":82,"column":43}},"28":{"start":{"line":83,"column":20},"end":{"line":83,"column":73}},"29":{"start":{"line":84,"column":4},"end":{"line":87,"column":7}},"30":{"start":{"line":91,"column":46},"end":{"line":91,"column":54}},"31":{"start":{"line":92,"column":19},"end":{"line":92,"column":32}},"32":{"start":{"line":94,"column":24},"end":{"line":98,"column":null}},"33":{"start":{"line":101,"column":4},"end":{"line":104,"column":7}},"34":{"start":{"line":108,"column":19},"end":{"line":108,"column":32}},"35":{"start":{"line":109,"column":4},"end":{"line":132,"column":5}},"36":{"start":{"line":110,"column":6},"end":{"line":112,"column":7}},"37":{"start":{"line":111,"column":8},"end":{"line":111,"column":57}},"38":{"start":{"line":114,"column":6},"end":{"line":114,"column":48}},"39":{"start":{"line":115,"column":6},"end":{"line":118,"column":9}},"40":{"start":{"line":120,"column":6},"end":{"line":130,"column":7}},"41":{"start":{"line":121,"column":8},"end":{"line":124,"column":11}},"42":{"start":{"line":125,"column":13},"end":{"line":130,"column":7}},"43":{"start":{"line":126,"column":8},"end":{"line":129,"column":11}},"44":{"start":{"line":131,"column":6},"end":{"line":131,"column":18}},"45":{"start":{"line":136,"column":0},"end":{"line":136,"column":36}}},"fnMap":{"0":{"name":"(anonymous_1)","decl":{"start":{"line":12,"column":2},"end":{"line":12,"column":null}},"loc":{"start":{"line":12,"column":2},"end":{"line":20,"column":3}}},"1":{"name":"(anonymous_2)","decl":{"start":{"line":22,"column":2},"end":{"line":22,"column":7}},"loc":{"start":{"line":22,"column":47},"end":{"line":42,"column":3}}},"2":{"name":"(anonymous_3)","decl":{"start":{"line":44,"column":2},"end":{"line":44,"column":7}},"loc":{"start":{"line":44,"column":47},"end":{"line":79,"column":3}}},"3":{"name":"(anonymous_4)","decl":{"start":{"line":81,"column":2},"end":{"line":81,"column":7}},"loc":{"start":{"line":81,"column":46},"end":{"line":88,"column":3}}},"4":{"name":"(anonymous_5)","decl":{"start":{"line":90,"column":2},"end":{"line":90,"column":7}},"loc":{"start":{"line":90,"column":46},"end":{"line":105,"column":3}}},"5":{"name":"(anonymous_6)","decl":{"start":{"line":107,"column":2},"end":{"line":107,"column":7}},"loc":{"start":{"line":107,"column":46},"end":{"line":133,"column":3}}}},"branchMap":{"0":{"loc":{"start":{"line":30,"column":6},"end":{"line":40,"column":7}},"type":"if","locations":[{"start":{"line":30,"column":6},"end":{"line":40,"column":7}},{"start":{"line":35,"column":13},"end":{"line":40,"column":7}}]},"1":{"loc":{"start":{"line":47,"column":6},"end":{"line":49,"column":7}},"type":"if","locations":[{"start":{"line":47,"column":6},"end":{"line":49,"column":7}}]},"2":{"loc":{"start":{"line":57,"column":6},"end":{"line":77,"column":7}},"type":"if","locations":[{"start":{"line":57,"column":6},"end":{"line":77,"column":7}},{"start":{"line":62,"column":13},"end":{"line":77,"column":7}}]},"3":{"loc":{"start":{"line":62,"column":13},"end":{"line":77,"column":7}},"type":"if","locations":[{"start":{"line":62,"column":13},"end":{"line":77,"column":7}},{"start":{"line":67,"column":13},"end":{"line":77,"column":7}}]},"4":{"loc":{"start":{"line":67,"column":13},"end":{"line":77,"column":7}},"type":"if","locations":[{"start":{"line":67,"column":13},"end":{"line":77,"column":7}},{"start":{"line":72,"column":13},"end":{"line":77,"column":7}}]},"5":{"loc":{"start":{"line":110,"column":6},"end":{"line":112,"column":7}},"type":"if","locations":[{"start":{"line":110,"column":6},"end":{"line":112,"column":7}}]},"6":{"loc":{"start":{"line":120,"column":6},"end":{"line":130,"column":7}},"type":"if","locations":[{"start":{"line":120,"column":6},"end":{"line":130,"column":7}},{"start":{"line":125,"column":13},"end":{"line":130,"column":7}}]},"7":{"loc":{"start":{"line":125,"column":13},"end":{"line":130,"column":7}},"type":"if","locations":[{"start":{"line":125,"column":13},"end":{"line":130,"column":7}}]}},"s":{"0":1,"1":1,"2":1,"3":1,"4":1,"5":1,"6":1,"7":1,"8":1,"9":1,"10":1,"11":0,"12":0,"13":0,"14":1,"15":1,"16":1,"17":0,"18":1,"19":1,"20":0,"21":0,"22":0,"23":0,"24":0,"25":0,"26":0,"27":1,"28":1,"29":1,"30":1,"31":1,"32":1,"33":1,"34":1,"35":1,"36":1,"37":0,"38":1,"39":1,"40":0,"41":0,"42":0,"43":0,"44":0,"45":1},"f":{"0":1,"1":1,"2":1,"3":1,"4":1,"5":1},"b":{"0":[0,0],"1":[0],"2":[0,0],"3":[0,0],"4":[0,0],"5":[0],"6":[0,0],"7":[0]}}
,"/Users/noah/Documents/Personal Projects/assesments/api-creation/src/modules/services/todo.service.ts": {"path":"/Users/noah/Documents/Personal Projects/assesments/api-creation/src/modules/services/todo.service.ts","statementMap":{"0":{"start":{"line":1,"column":0},"end":{"line":1,"column":54}},"1":{"start":{"line":2,"column":0},"end":{"line":2,"column":40}},"2":{"start":{"line":3,"column":0},"end":{"line":3,"column":66}},"3":{"start":{"line":22,"column":39},"end":{"line":22,"column":41}},"4":{"start":{"line":23,"column":35},"end":{"line":23,"column":38}},"5":{"start":{"line":26,"column":4},"end":{"line":26,"column":25}},"6":{"start":{"line":30,"column":4},"end":{"line":41,"column":5}},"7":{"start":{"line":31,"column":19},"end":{"line":36,"column":8}},"8":{"start":{"line":37,"column":6},"end":{"line":37,"column":18}},"9":{"start":{"line":39,"column":6},"end":{"line":39,"column":51}},"10":{"start":{"line":40,"column":6},"end":{"line":40,"column":62}},"11":{"start":{"line":47,"column":4},"end":{"line":76,"column":5}},"12":{"start":{"line":48,"column":19},"end":{"line":48,"column":49}},"13":{"start":{"line":49,"column":20},"end":{"line":51,"column":null}},"14":{"start":{"line":53,"column":19},"end":{"line":53,"column":37}},"15":{"start":{"line":55,"column":29},"end":{"line":62,"column":8}},"16":{"start":{"line":64,"column":6},"end":{"line":72,"column":8}},"17":{"start":{"line":74,"column":6},"end":{"line":74,"column":52}},"18":{"start":{"line":75,"column":6},"end":{"line":75,"column":62}},"19":{"start":{"line":80,"column":4},"end":{"line":94,"column":5}},"20":{"start":{"line":81,"column":19},"end":{"line":83,"column":8}},"21":{"start":{"line":84,"column":6},"end":{"line":86,"column":7}},"22":{"start":{"line":85,"column":8},"end":{"line":85,"column":44}},"23":{"start":{"line":87,"column":6},"end":{"line":87,"column":18}},"24":{"start":{"line":89,"column":6},"end":{"line":91,"column":7}},"25":{"start":{"line":90,"column":8},"end":{"line":90,"column":20}},"26":{"start":{"line":92,"column":6},"end":{"line":92,"column":51}},"27":{"start":{"line":93,"column":6},"end":{"line":93,"column":61}},"28":{"start":{"line":103,"column":4},"end":{"line":122,"column":5}},"29":{"start":{"line":104,"column":19},"end":{"line":111,"column":8}},"30":{"start":{"line":112,"column":6},"end":{"line":112,"column":18}},"31":{"start":{"line":114,"column":6},"end":{"line":119,"column":7}},"32":{"start":{"line":118,"column":8},"end":{"line":118,"column":44}},"33":{"start":{"line":120,"column":6},"end":{"line":120,"column":51}},"34":{"start":{"line":121,"column":6},"end":{"line":121,"column":62}},"35":{"start":{"line":126,"column":4},"end":{"line":143,"column":5}},"36":{"start":{"line":127,"column":6},"end":{"line":129,"column":7}},"37":{"start":{"line":128,"column":8},"end":{"line":128,"column":44}},"38":{"start":{"line":130,"column":19},"end":{"line":132,"column":8}},"39":{"start":{"line":133,"column":6},"end":{"line":133,"column":18}},"40":{"start":{"line":135,"column":6},"end":{"line":140,"column":7}},"41":{"start":{"line":139,"column":8},"end":{"line":139,"column":44}},"42":{"start":{"line":141,"column":6},"end":{"line":141,"column":51}},"43":{"start":{"line":142,"column":6},"end":{"line":142,"column":62}},"44":{"start":{"line":147,"column":4},"end":{"line":153,"column":5}},"45":{"start":{"line":148,"column":20},"end":{"line":148,"column":55}},"46":{"start":{"line":149,"column":6},"end":{"line":149,"column":19}},"47":{"start":{"line":151,"column":6},"end":{"line":151,"column":56}},"48":{"start":{"line":152,"column":6},"end":{"line":152,"column":67}},"49":{"start":{"line":157,"column":0},"end":{"line":157,"column":33}}},"fnMap":{"0":{"name":"(anonymous_1)","decl":{"start":{"line":25,"column":2},"end":{"line":25,"column":null}},"loc":{"start":{"line":25,"column":2},"end":{"line":27,"column":3}}},"1":{"name":"(anonymous_2)","decl":{"start":{"line":29,"column":9},"end":{"line":29,"column":14}},"loc":{"start":{"line":29,"column":60},"end":{"line":42,"column":3}}},"2":{"name":"(anonymous_3)","decl":{"start":{"line":44,"column":9},"end":{"line":44,"column":14}},"loc":{"start":{"line":45,"column":29},"end":{"line":77,"column":3}}},"3":{"name":"(anonymous_4)","decl":{"start":{"line":79,"column":9},"end":{"line":79,"column":14}},"loc":{"start":{"line":79,"column":37},"end":{"line":95,"column":3}}},"4":{"name":"(anonymous_5)","decl":{"start":{"line":97,"column":9},"end":{"line":97,"column":14}},"loc":{"start":{"line":101,"column":22},"end":{"line":123,"column":3}}},"5":{"name":"(anonymous_6)","decl":{"start":{"line":125,"column":9},"end":{"line":125,"column":14}},"loc":{"start":{"line":125,"column":36},"end":{"line":144,"column":3}}},"6":{"name":"(anonymous_7)","decl":{"start":{"line":146,"column":9},"end":{"line":146,"column":14}},"loc":{"start":{"line":146,"column":29},"end":{"line":154,"column":3}}}},"branchMap":{"0":{"loc":{"start":{"line":48,"column":28},"end":{"line":48,"column":45}},"type":"binary-expr","locations":[{"start":{"line":48,"column":28},"end":{"line":48,"column":40}},{"start":{"line":48,"column":44},"end":{"line":48,"column":45}}]},"1":{"loc":{"start":{"line":50,"column":17},"end":{"line":50,"column":56}},"type":"binary-expr","locations":[{"start":{"line":50,"column":17},"end":{"line":50,"column":30}},{"start":{"line":50,"column":34},"end":{"line":50,"column":56}}]},"2":{"loc":{"start":{"line":84,"column":6},"end":{"line":86,"column":7}},"type":"if","locations":[{"start":{"line":84,"column":6},"end":{"line":86,"column":7}}]},"3":{"loc":{"start":{"line":89,"column":6},"end":{"line":91,"column":7}},"type":"if","locations":[{"start":{"line":89,"column":6},"end":{"line":91,"column":7}}]},"4":{"loc":{"start":{"line":114,"column":6},"end":{"line":119,"column":7}},"type":"if","locations":[{"start":{"line":114,"column":6},"end":{"line":119,"column":7}}]},"5":{"loc":{"start":{"line":115,"column":8},"end":{"line":116,"column":30}},"type":"binary-expr","locations":[{"start":{"line":115,"column":8},"end":{"line":115,"column":61}},{"start":{"line":116,"column":8},"end":{"line":116,"column":30}}]},"6":{"loc":{"start":{"line":127,"column":6},"end":{"line":129,"column":7}},"type":"if","locations":[{"start":{"line":127,"column":6},"end":{"line":129,"column":7}}]},"7":{"loc":{"start":{"line":135,"column":6},"end":{"line":140,"column":7}},"type":"if","locations":[{"start":{"line":135,"column":6},"end":{"line":140,"column":7}}]},"8":{"loc":{"start":{"line":136,"column":8},"end":{"line":137,"column":30}},"type":"binary-expr","locations":[{"start":{"line":136,"column":8},"end":{"line":136,"column":61}},{"start":{"line":137,"column":8},"end":{"line":137,"column":30}}]}},"s":{"0":1,"1":1,"2":1,"3":1,"4":1,"5":1,"6":0,"7":0,"8":0,"9":0,"10":0,"11":0,"12":0,"13":0,"14":0,"15":0,"16":0,"17":0,"18":0,"19":0,"20":0,"21":0,"22":0,"23":0,"24":0,"25":0,"26":0,"27":0,"28":0,"29":0,"30":0,"31":0,"32":0,"33":0,"34":0,"35":0,"36":0,"37":0,"38":0,"39":0,"40":0,"41":0,"42":0,"43":0,"44":0,"45":0,"46":0,"47":0,"48":0,"49":1},"f":{"0":1,"1":0,"2":0,"3":0,"4":0,"5":0,"6":0},"b":{"0":[0,0],"1":[0,0],"2":[0],"3":[0],"4":[0],"5":[0,0],"6":[0],"7":[0],"8":[0,0]}}
,"/Users/noah/Documents/Personal Projects/assesments/api-creation/src/utils/errors.ts": {"path":"/Users/noah/Documents/Personal Projects/assesments/api-creation/src/utils/errors.ts","statementMap":{"0":{"start":{"line":8,"column":4},"end":{"line":8,"column":19}},"1":{"start":{"line":3,"column":11},"end":{"line":3,"column":26}},"2":{"start":{"line":4,"column":11},"end":{"line":4,"column":29}},"3":{"start":{"line":5,"column":11},"end":{"line":5,"column":24}},"4":{"start":{"line":6,"column":11},"end":{"line":6,"column":24}},"5":{"start":{"line":9,"column":4},"end":{"line":9,"column":38}},"6":{"start":{"line":10,"column":4},"end":{"line":10,"column":52}},"7":{"start":{"line":1,"column":0},"end":{"line":1,"column":13}},"8":{"start":{"line":16,"column":4},"end":{"line":20,"column":6}},"9":{"start":{"line":14,"column":0},"end":{"line":14,"column":13}},"10":{"start":{"line":26,"column":4},"end":{"line":26,"column":53}},"11":{"start":{"line":24,"column":0},"end":{"line":24,"column":13}},"12":{"start":{"line":32,"column":4},"end":{"line":32,"column":51}},"13":{"start":{"line":30,"column":0},"end":{"line":30,"column":13}},"14":{"start":{"line":38,"column":4},"end":{"line":38,"column":42}},"15":{"start":{"line":36,"column":0},"end":{"line":36,"column":13}},"16":{"start":{"line":42,"column":34},"end":{"line":44,"column":1}},"17":{"start":{"line":43,"column":2},"end":{"line":43,"column":35}},"18":{"start":{"line":42,"column":13},"end":{"line":42,"column":34}}},"fnMap":{"0":{"name":"(anonymous_0)","decl":{"start":{"line":2,"column":2},"end":{"line":2,"column":null}},"loc":{"start":{"line":6,"column":24},"end":{"line":11,"column":3}}},"1":{"name":"(anonymous_1)","decl":{"start":{"line":15,"column":2},"end":{"line":15,"column":14}},"loc":{"start":{"line":15,"column":43},"end":{"line":21,"column":3}}},"2":{"name":"(anonymous_2)","decl":{"start":{"line":25,"column":2},"end":{"line":25,"column":14}},"loc":{"start":{"line":25,"column":44},"end":{"line":27,"column":3}}},"3":{"name":"(anonymous_3)","decl":{"start":{"line":31,"column":2},"end":{"line":31,"column":14}},"loc":{"start":{"line":31,"column":44},"end":{"line":33,"column":3}}},"4":{"name":"(anonymous_4)","decl":{"start":{"line":37,"column":2},"end":{"line":37,"column":14}},"loc":{"start":{"line":37,"column":29},"end":{"line":39,"column":3}}},"5":{"name":"(anonymous_5)","decl":{"start":{"line":42,"column":34},"end":{"line":42,"column":35}},"loc":{"start":{"line":42,"column":60},"end":{"line":44,"column":1}}}},"branchMap":{"0":{"loc":{"start":{"line":17,"column":6},"end":{"line":17,"column":74}},"type":"cond-expr","locations":[{"start":{"line":17,"column":11},"end":{"line":17,"column":48}},{"start":{"line":17,"column":51},"end":{"line":17,"column":74}}]}},"s":{"0":0,"1":0,"2":0,"3":0,"4":0,"5":0,"6":0,"7":2,"8":0,"9":2,"10":0,"11":2,"12":0,"13":2,"14":0,"15":2,"16":2,"17":0,"18":2},"f":{"0":0,"1":0,"2":0,"3":0,"4":0,"5":0},"b":{"0":[0,0]}}
,"/Users/noah/Documents/Personal Projects/assesments/api-creation/src/utils/prisma.ts": {"path":"/Users/noah/Documents/Personal Projects/assesments/api-creation/src/utils/prisma.ts","statementMap":{"0":{"start":{"line":1,"column":0},"end":{"line":1,"column":46}},"1":{"start":{"line":3,"column":15},"end":{"line":3,"column":33}},"2":{"start":{"line":5,"column":0},"end":{"line":5,"column":null}}},"fnMap":{},"branchMap":{},"s":{"0":1,"1":1,"2":1},"f":{},"b":{}}
}
