TN:
SF:src/modules/controllers/todo.controller.ts
FN:8,(anonymous_1)
FN:17,(anonymous_2)
FN:25,(anonymous_3)
FN:34,(anonymous_4)
FN:51,(anonymous_5)
FNF:5
FNH:5
FNDA:1,(anonymous_1)
FNDA:1,(anonymous_2)
FNDA:1,(anonymous_3)
FNDA:1,(anonymous_4)
FNDA:1,(anonymous_5)
DA:2,1
DA:3,1
DA:9,1
DA:11,1
DA:12,1
DA:13,1
DA:14,1
DA:18,1
DA:19,1
DA:26,1
DA:27,1
DA:28,1
DA:35,1
DA:36,1
DA:38,1
DA:45,1
DA:52,1
DA:53,1
DA:54,1
DA:55,0
DA:58,1
DA:59,1
DA:64,0
DA:65,0
DA:69,0
DA:70,0
DA:75,0
DA:80,1
LF:28
LH:22
BRDA:54,0,0,0
BRDA:64,1,0,0
BRDA:64,1,1,0
BRDA:69,2,0,0
BRF:4
BRH:0
end_of_record
TN:
SF:src/modules/services/todo.service.ts
FN:7,(anonymous_1)
FN:11,(anonymous_2)
FN:26,(anonymous_3)
FN:38,(anonymous_4)
FN:56,(anonymous_5)
FN:84,(anonymous_6)
FN:105,(anonymous_7)
FNF:7
FNH:1
FNDA:1,(anonymous_1)
FNDA:0,(anonymous_2)
FNDA:0,(anonymous_3)
FNDA:0,(anonymous_4)
FNDA:0,(anonymous_5)
FNDA:0,(anonymous_6)
FNDA:0,(anonymous_7)
DA:1,1
DA:2,1
DA:3,1
DA:8,1
DA:12,0
DA:13,0
DA:19,0
DA:21,0
DA:22,0
DA:27,0
DA:28,0
DA:31,0
DA:33,0
DA:34,0
DA:39,0
DA:40,0
DA:43,0
DA:44,0
DA:46,0
DA:48,0
DA:49,0
DA:51,0
DA:52,0
DA:62,0
DA:63,0
DA:71,0
DA:73,0
DA:77,0
DA:79,0
DA:80,0
DA:85,0
DA:86,0
DA:87,0
DA:89,0
DA:92,0
DA:94,0
DA:98,0
DA:100,0
DA:101,0
DA:106,0
DA:107,0
DA:108,0
DA:110,0
DA:111,0
DA:116,1
LF:45
LH:5
BRDA:43,0,0,0
BRDA:48,1,0,0
BRDA:73,2,0,0
BRDA:74,3,0,0
BRDA:74,3,1,0
BRDA:86,4,0,0
BRDA:94,5,0,0
BRDA:95,6,0,0
BRDA:95,6,1,0
BRF:9
BRH:0
end_of_record
TN:
SF:src/utils/errors.ts
FN:2,(anonymous_0)
FN:15,(anonymous_1)
FN:25,(anonymous_2)
FN:31,(anonymous_3)
FN:37,(anonymous_4)
FN:42,(anonymous_5)
FNF:6
FNH:0
FNDA:0,(anonymous_0)
FNDA:0,(anonymous_1)
FNDA:0,(anonymous_2)
FNDA:0,(anonymous_3)
FNDA:0,(anonymous_4)
FNDA:0,(anonymous_5)
DA:1,2
DA:3,0
DA:4,0
DA:5,0
DA:6,0
DA:8,0
DA:9,0
DA:10,0
DA:14,2
DA:16,0
DA:24,2
DA:26,0
DA:30,2
DA:32,0
DA:36,2
DA:38,0
DA:42,2
DA:43,0
LF:18
LH:6
BRDA:17,0,0,0
BRDA:17,0,1,0
BRF:2
BRH:0
end_of_record
TN:
SF:src/utils/prisma.ts
FNF:0
FNH:0
DA:1,1
DA:3,1
DA:5,1
LF:3
LH:3
BRF:0
BRH:0
end_of_record
